Running: D:\Xilinx\14.7\ISE_DS\ISE\bin\nt64\unwrapped\fuse.exe -intstyle ise -incremental -lib unisims_ver -lib unimacro_ver -lib xilinxcorelib_ver -o D:/BUAA/PipelineCPU10/testbench_isim_beh.exe -prj D:/BUAA/PipelineCPU10/testbench_beh.prj work.testbench work.glbl 
ISim P.20131013 (signature 0x7708f090)
Number of CPUs detected in this system: 4
Turning on mult-threading, number of parallel sub-compilation jobs: 8 
Determining compilation order of HDL files
Analyzing Verilog file "D:/BUAA/PipelineCPU10/Stall.v" into library work
Analyzing Verilog file "D:/BUAA/PipelineCPU10/Shift25.v" into library work
Analyzing Verilog file "D:/BUAA/PipelineCPU10/Shift.v" into library work
Analyzing Verilog file "D:/BUAA/PipelineCPU10/PC.v" into library work
Analyzing Verilog file "D:/BUAA/PipelineCPU10/NPC.v" into library work
Analyzing Verilog file "D:/BUAA/PipelineCPU10/MUX_5_2_1.v" into library work
Analyzing Verilog file "D:/BUAA/PipelineCPU10/MUX32_4_1.v" into library work
Analyzing Verilog file "D:/BUAA/PipelineCPU10/MUX32_3_1.v" into library work
Analyzing Verilog file "D:/BUAA/PipelineCPU10/MUX32_2_1_Jal_D.v" into library work
Analyzing Verilog file "D:/BUAA/PipelineCPU10/MUX32_2_1.v" into library work
Analyzing Verilog file "D:/BUAA/PipelineCPU10/MEM_WB.v" into library work
Analyzing Verilog file "D:/BUAA/PipelineCPU10/MD.v" into library work
Analyzing Verilog file "D:/BUAA/PipelineCPU10/JR.v" into library work
Analyzing Verilog file "D:/BUAA/PipelineCPU10/IM.v" into library work
Analyzing Verilog file "D:/BUAA/PipelineCPU10/IF_ID.v" into library work
Analyzing Verilog file "D:/BUAA/PipelineCPU10/ID_EX.v" into library work
Analyzing Verilog file "D:/BUAA/PipelineCPU10/Hazard.v" into library work
Analyzing Verilog file "D:/BUAA/PipelineCPU10/GPR.v" into library work
Analyzing Verilog file "D:/BUAA/PipelineCPU10/EX_MEM.v" into library work
Analyzing Verilog file "D:/BUAA/PipelineCPU10/ExtDM.v" into library work
Analyzing Verilog file "D:/BUAA/PipelineCPU10/ExtBE.v" into library work
Analyzing Verilog file "D:/BUAA/PipelineCPU10/Ext.v" into library work
Analyzing Verilog file "D:/BUAA/PipelineCPU10/DM.v" into library work
Analyzing Verilog file "D:/BUAA/PipelineCPU10/Controller.v" into library work
Analyzing Verilog file "D:/BUAA/PipelineCPU10/Compare.v" into library work
Analyzing Verilog file "D:/BUAA/PipelineCPU10/ANDD.v" into library work
Analyzing Verilog file "D:/BUAA/PipelineCPU10/ALU.v" into library work
Analyzing Verilog file "D:/BUAA/PipelineCPU10/adder.v" into library work
Analyzing Verilog file "D:/BUAA/PipelineCPU10/MIPS.v" into library work
WARNING:HDLCompiler:31 - "D:/BUAA/PipelineCPU10/MIPS.v" Line 41: <RD1_D> is already declared.
WARNING:HDLCompiler:770 - "D:/BUAA/PipelineCPU10/MIPS.v" Line 41: Second declaration of RD1_D ignored
Analyzing Verilog file "D:/BUAA/PipelineCPU10/testbench.v" into library work
Analyzing Verilog file "D:/Xilinx/14.7/ISE_DS/ISE//verilog/src/glbl.v" into library work
Starting static elaboration
Completed static elaboration
Compiling module MUX32_3_1
Compiling module MUX32_4_1
Compiling module MUX32_2_1
Compiling module MUX32_2_1_Jal_W
Compiling module MUX5_4_1
Compiling module JR
Compiling module PC
Compiling module NPC
Compiling module IM
Compiling module IF_ID
Compiling module Controller
Compiling module GPR
Compiling module Compare
Compiling module ANDD
Compiling module Ext
Compiling module Shift32
Compiling module Adder32
Compiling module Shift25
Compiling module ID_EX
Compiling module MD
Compiling module ALU
Compiling module EX_MEM
Compiling module ExtBE
Compiling module DM
Compiling module MEM_WB
Compiling module ExtDM
Compiling module Hazard
Compiling module Stall
Compiling module MIPS
Compiling module testbench
Compiling module glbl
Time Resolution for simulation is 1ps.
Waiting for 24 sub-compilation(s) to finish...
WARNING:Simulator - Unable to copy libPortabilityNOSH.dll to the simulation executable directory: boost::filesystem::copy_file: 系统找不到指定的路径。, "isim\testbench_isim_beh.exe.sim\libPortability.dll".
Compiled 31 Verilog Units
Built simulation executable D:/BUAA/PipelineCPU10/testbench_isim_beh.exe
Fuse Memory Usage: 29688 KB
Fuse CPU Usage: 671 ms
